<?xml version="1.0" encoding="UTF-8"?>
<!-- Generated by org.testng.reporters.JUnitXMLReporter -->
<testsuite ignored="0" hostname="hp-PC" failures="1" tests="1" name="QA Agility Test chrome" time="12.132" errors="0" timestamp="17 Aug 2020 14:22:58 GMT">
  <testcase classname="test.QAAgilityTest" name="loginTest" time="8.021">
    <failure type="java.lang.NullPointerException">
      <![CDATA[java.lang.NullPointerException
at homepage.Homepage.sizeAttribute(Homepage.java:27)
at test.QAAgilityTest.loginTest(QAAgilityTest.java:21)
... Removed 25 stack frames]]>
    </failure>
  </testcase> <!-- loginTest -->
</testsuite> <!-- QA Agility Test chrome -->
