<?xml version="1.0" encoding="UTF-8"?>
<!-- Generated by org.testng.reporters.JUnitXMLReporter -->
<testsuite hostname="DESKTOP-68174K6" ignored="1" name="QA Agility Test chrome" tests="2" failures="0" timestamp="2021-05-14T20:43:11 IST" time="0.217" errors="0">
  <testcase name="@BeforeMethod setup" time="0.056" classname="utility.BaseTestMenthods">
    <failure type="java.lang.NoClassDefFoundError" message="org/openqa/selenium/WebDriver">
      <![CDATA[java.lang.NoClassDefFoundError: org/openqa/selenium/WebDriver
at utility.BaseTestMenthods.setup(BaseTestMenthods.java:10)
at java.util.ArrayList.forEach(ArrayList.java:1259)
Caused by: java.lang.ClassNotFoundException: org.openqa.selenium.WebDriver
at java.net.URLClassLoader.findClass(URLClassLoader.java:382)
at java.lang.ClassLoader.loadClass(ClassLoader.java:418)
at sun.misc.Launcher$AppClassLoader.loadClass(Launcher.java:355)
at java.lang.ClassLoader.loadClass(ClassLoader.java:351)
... 33 more
... Removed 31 stack frames]]>
    </failure>
  </testcase> <!-- @BeforeMethod setup -->
  <testcase name="@BeforeMethod setup" time="-1.621005191144E9" classname="utility.BaseTestMenthods">
    <skipped/>
  </testcase> <!-- @BeforeMethod setup -->
  <testcase name="searchDestination" time="0.0" classname="test.GoogleMapTest">
    <skipped/>
  </testcase> <!-- searchDestination -->
  <testcase name="searchDestination" time="0.0" classname="test.GoogleMapTest">
    <skipped/>
  </testcase> <!-- searchDestination -->
  <testcase name="loginTest" time="0.0" classname="test.QAAgilityTest">
    <ignored/>
  </testcase> <!-- loginTest -->
</testsuite> <!-- QA Agility Test chrome -->
