<?xml version="1.0" encoding="UTF-8"?>
<testng-results ignored="0" total="1" passed="1" failed="0" skipped="0">
  <reporter-output>
  </reporter-output>
  <suite started-at="2020-08-18T16:58:36Z" name="Suite" finished-at="2020-08-18T16:59:00Z" duration-ms="23372">
    <groups>
    </groups>
    <test started-at="2020-08-18T16:58:36Z" name="QA Agility Test chrome" finished-at="2020-08-18T16:59:00Z" duration-ms="23372">
      <class name="test.QAAgilityTest">
        <test-method is-config="true" signature="setup()[pri:0, instance:test.QAAgilityTest@34f7cfd9]" started-at="2020-08-18T16:58:36Z" name="setup" finished-at="2020-08-18T16:58:49Z" duration-ms="12133" status="PASS">
          <reporter-output>
          </reporter-output>
        </test-method> <!-- setup -->
        <test-method signature="loginTest()[pri:0, instance:test.QAAgilityTest@34f7cfd9]" started-at="2020-08-18T16:58:49Z" name="loginTest" finished-at="2020-08-18T16:59:00Z" duration-ms="11199" status="PASS">
          <reporter-output>
          </reporter-output>
        </test-method> <!-- loginTest -->
      </class> <!-- test.QAAgilityTest -->
    </test> <!-- QA Agility Test chrome -->
  </suite> <!-- Suite -->
</testng-results>
