<?xml version="1.0" encoding="UTF-8"?>
<testng-results skipped="0" failed="0" total="1" passed="1">
  <reporter-output>
  </reporter-output>
  <suite name="Default suite" duration-ms="24918" started-at="2021-05-14T17:26:03Z" finished-at="2021-05-14T17:26:28Z">
    <groups>
    </groups>
    <test name="Default test" duration-ms="24918" started-at="2021-05-14T17:26:03Z" finished-at="2021-05-14T17:26:28Z">
      <class name="test.QAAgilityTest">
        <test-method status="PASS" signature="setup()[pri:0, instance:test.QAAgilityTest@65466a6a]" name="setup" is-config="true" duration-ms="2469" started-at="2021-05-14T22:56:03Z" finished-at="2021-05-14T22:56:05Z">
          <reporter-output>
          </reporter-output>
        </test-method> <!-- setup -->
        <test-method status="PASS" signature="loginTest()[pri:0, instance:test.QAAgilityTest@65466a6a]" name="loginTest" duration-ms="22424" started-at="2021-05-14T22:56:05Z" finished-at="2021-05-14T22:56:28Z">
          <reporter-output>
          </reporter-output>
        </test-method> <!-- loginTest -->
      </class> <!-- test.QAAgilityTest -->
    </test> <!-- Default test -->
  </suite> <!-- Default suite -->
</testng-results>
